2026-06-28 08:00:00 [INFO] === System started ===
2026-06-28 08:00:05 [INFO] Added student: REG001 – Alice Kamau
2026-06-28 08:00:05 [INFO] add_student() action completed.
2026-06-28 08:00:12 [INFO] Added student: REG002 – Brian Otieno
2026-06-28 08:00:12 [INFO] add_student() action completed.
2026-06-28 08:00:20 [INFO] Added student: REG003 – Carol Njeri
2026-06-28 08:00:20 [INFO] add_student() action completed.
2026-06-28 08:00:30 [INFO] view_all: displayed 3 record(s).
2026-06-28 08:00:30 [INFO] view_all_students() action completed.
2026-06-28 08:00:45 [INFO] search: found student REG002.
2026-06-28 08:00:45 [INFO] search_student() action completed.
2026-06-28 08:01:00 [WARNING] search failed: No student with registration number 'REG999'.
2026-06-28 08:01:00 [INFO] search_student() action completed.
2026-06-28 08:01:15 [INFO] Updated student: REG001
2026-06-28 08:01:15 [INFO] update_student() action completed.
2026-06-28 08:01:30 [WARNING] Add failed: Student 'REG001' already exists.
2026-06-28 08:01:30 [INFO] add_student() action completed.
2026-06-28 08:01:45 [INFO] Deleted student: REG003
2026-06-28 08:01:45 [INFO] delete_student() action completed.
2026-06-28 08:02:00 [INFO] === System exited by user ===
